{
  "language": "en",
  "sentences": [
    {
      "text": {
        "beginOffset": 0,
        "content": "Are you cheating on me?"
      }
    },
    {
      "text": {
        "beginOffset": 24,
        "content": "I am going to kill you."
      }
    }
  ],
  "tokens": [
    {
      "dependencyEdge": {
        "headTokenIndex": 2,
        "label": "AUX"
      },
      "lemma": "be",
      "partOfSpeech": {
        "aspect": "ASPECT_UNKNOWN",
        "case": "CASE_UNKNOWN",
        "form": "FORM_UNKNOWN",
        "gender": "GENDER_UNKNOWN",
        "mood": "INDICATIVE",
        "number": "NUMBER_UNKNOWN",
        "person": "PERSON_UNKNOWN",
        "proper": "PROPER_UNKNOWN",
        "reciprocity": "RECIPROCITY_UNKNOWN",
        "tag": "VERB",
        "tense": "PRESENT",
        "voice": "VOICE_UNKNOWN"
      },
      "text": {
        "beginOffset": 0,
        "content": "Are"
      }
    },
    {
      "dependencyEdge": {
        "headTokenIndex": 2,
        "label": "NSUBJ"
      },
      "lemma": "you",
      "partOfSpeech": {
        "aspect": "ASPECT_UNKNOWN",
        "case": "NOMINATIVE",
        "form": "FORM_UNKNOWN",
        "gender": "GENDER_UNKNOWN",
        "mood": "MOOD_UNKNOWN",
        "number": "NUMBER_UNKNOWN",
        "person": "SECOND",
        "proper": "PROPER_UNKNOWN",
        "reciprocity": "RECIPROCITY_UNKNOWN",
        "tag": "PRON",
        "tense": "TENSE_UNKNOWN",
        "voice": "VOICE_UNKNOWN"
      },
      "text": {
        "beginOffset": 4,
        "content": "you"
      }
    },
    {
      "dependencyEdge": {
        "headTokenIndex": 2,
        "label": "ROOT"
      },
      "lemma": "cheat",
      "partOfSpeech": {
        "aspect": "ASPECT_UNKNOWN",
        "case": "CASE_UNKNOWN",
        "form": "FORM_UNKNOWN",
        "gender": "GENDER_UNKNOWN",
        "mood": "MOOD_UNKNOWN",
        "number": "NUMBER_UNKNOWN",
        "person": "PERSON_UNKNOWN",
        "proper": "PROPER_UNKNOWN",
        "reciprocity": "RECIPROCITY_UNKNOWN",
        "tag": "VERB",
        "tense": "TENSE_UNKNOWN",
        "voice": "VOICE_UNKNOWN"
      },
      "text": {
        "beginOffset": 8,
        "content": "cheating"
      }
    },
    {
      "dependencyEdge": {
        "headTokenIndex": 2,
        "label": "PREP"
      },
      "lemma": "on",
      "partOfSpeech": {
        "aspect": "ASPECT_UNKNOWN",
        "case": "CASE_UNKNOWN",
        "form": "FORM_UNKNOWN",
        "gender": "GENDER_UNKNOWN",
        "mood": "MOOD_UNKNOWN",
        "number": "NUMBER_UNKNOWN",
        "person": "PERSON_UNKNOWN",
        "proper": "PROPER_UNKNOWN",
        "reciprocity": "RECIPROCITY_UNKNOWN",
        "tag": "ADP",
        "tense": "TENSE_UNKNOWN",
        "voice": "VOICE_UNKNOWN"
      },
      "text": {
        "beginOffset": 17,
        "content": "on"
      }
    },
    {
      "dependencyEdge": {
        "headTokenIndex": 3,
        "label": "POBJ"
      },
      "lemma": "me",
      "partOfSpeech": {
        "aspect": "ASPECT_UNKNOWN",
        "case": "ACCUSATIVE",
        "form": "FORM_UNKNOWN",
        "gender": "GENDER_UNKNOWN",
        "mood": "MOOD_UNKNOWN",
        "number": "SINGULAR",
        "person": "FIRST",
        "proper": "PROPER_UNKNOWN",
        "reciprocity": "RECIPROCITY_UNKNOWN",
        "tag": "PRON",
        "tense": "TENSE_UNKNOWN",
        "voice": "VOICE_UNKNOWN"
      },
      "text": {
        "beginOffset": 20,
        "content": "me"
      }
    },
    {
      "dependencyEdge": {
        "headTokenIndex": 2,
        "label": "P"
      },
      "lemma": "?",
      "partOfSpeech": {
        "aspect": "ASPECT_UNKNOWN",
        "case": "CASE_UNKNOWN",
        "form": "FORM_UNKNOWN",
        "gender": "GENDER_UNKNOWN",
        "mood": "MOOD_UNKNOWN",
        "number": "NUMBER_UNKNOWN",
        "person": "PERSON_UNKNOWN",
        "proper": "PROPER_UNKNOWN",
        "reciprocity": "RECIPROCITY_UNKNOWN",
        "tag": "PUNCT",
        "tense": "TENSE_UNKNOWN",
        "voice": "VOICE_UNKNOWN"
      },
      "text": {
        "beginOffset": 22,
        "content": "?"
      }
    },
    {
      "dependencyEdge": {
        "headTokenIndex": 8,
        "label": "NSUBJ"
      },
      "lemma": "I",
      "partOfSpeech": {
        "aspect": "ASPECT_UNKNOWN",
        "case": "NOMINATIVE",
        "form": "FORM_UNKNOWN",
        "gender": "GENDER_UNKNOWN",
        "mood": "MOOD_UNKNOWN",
        "number": "SINGULAR",
        "person": "FIRST",
        "proper": "PROPER_UNKNOWN",
        "reciprocity": "RECIPROCITY_UNKNOWN",
        "tag": "PRON",
        "tense": "TENSE_UNKNOWN",
        "voice": "VOICE_UNKNOWN"
      },
      "text": {
        "beginOffset": 24,
        "content": "I"
      }
    },
    {
      "dependencyEdge": {
        "headTokenIndex": 8,
        "label": "AUX"
      },
      "lemma": "be",
      "partOfSpeech": {
        "aspect": "ASPECT_UNKNOWN",
        "case": "CASE_UNKNOWN",
        "form": "FORM_UNKNOWN",
        "gender": "GENDER_UNKNOWN",
        "mood": "INDICATIVE",
        "number": "SINGULAR",
        "person": "FIRST",
        "proper": "PROPER_UNKNOWN",
        "reciprocity": "RECIPROCITY_UNKNOWN",
        "tag": "VERB",
        "tense": "PRESENT",
        "voice": "VOICE_UNKNOWN"
      },
      "text": {
        "beginOffset": 26,
        "content": "am"
      }
    },
    {
      "dependencyEdge": {
        "headTokenIndex": 8,
        "label": "ROOT"
      },
      "lemma": "go",
      "partOfSpeech": {
        "aspect": "ASPECT_UNKNOWN",
        "case": "CASE_UNKNOWN",
        "form": "FORM_UNKNOWN",
        "gender": "GENDER_UNKNOWN",
        "mood": "MOOD_UNKNOWN",
        "number": "NUMBER_UNKNOWN",
        "person": "PERSON_UNKNOWN",
        "proper": "PROPER_UNKNOWN",
        "reciprocity": "RECIPROCITY_UNKNOWN",
        "tag": "VERB",
        "tense": "PRESENT",
        "voice": "VOICE_UNKNOWN"
      },
      "text": {
        "beginOffset": 29,
        "content": "going"
      }
    },
    {
      "dependencyEdge": {
        "headTokenIndex": 10,
        "label": "AUX"
      },
      "lemma": "to",
      "partOfSpeech": {
        "aspect": "ASPECT_UNKNOWN",
        "case": "CASE_UNKNOWN",
        "form": "FORM_UNKNOWN",
        "gender": "GENDER_UNKNOWN",
        "mood": "MOOD_UNKNOWN",
        "number": "NUMBER_UNKNOWN",
        "person": "PERSON_UNKNOWN",
        "proper": "PROPER_UNKNOWN",
        "reciprocity": "RECIPROCITY_UNKNOWN",
        "tag": "PRT",
        "tense": "TENSE_UNKNOWN",
        "voice": "VOICE_UNKNOWN"
      },
      "text": {
        "beginOffset": 35,
        "content": "to"
      }
    },
    {
      "dependencyEdge": {
        "headTokenIndex": 8,
        "label": "XCOMP"
      },
      "lemma": "kill",
      "partOfSpeech": {
        "aspect": "ASPECT_UNKNOWN",
        "case": "CASE_UNKNOWN",
        "form": "FORM_UNKNOWN",
        "gender": "GENDER_UNKNOWN",
        "mood": "MOOD_UNKNOWN",
        "number": "NUMBER_UNKNOWN",
        "person": "PERSON_UNKNOWN",
        "proper": "PROPER_UNKNOWN",
        "reciprocity": "RECIPROCITY_UNKNOWN",
        "tag": "VERB",
        "tense": "TENSE_UNKNOWN",
        "voice": "VOICE_UNKNOWN"
      },
      "text": {
        "beginOffset": 38,
        "content": "kill"
      }
    },
    {
      "dependencyEdge": {
        "headTokenIndex": 10,
        "label": "DOBJ"
      },
      "lemma": "you",
      "partOfSpeech": {
        "aspect": "ASPECT_UNKNOWN",
        "case": "ACCUSATIVE",
        "form": "FORM_UNKNOWN",
        "gender": "GENDER_UNKNOWN",
        "mood": "MOOD_UNKNOWN",
        "number": "NUMBER_UNKNOWN",
        "person": "SECOND",
        "proper": "PROPER_UNKNOWN",
        "reciprocity": "RECIPROCITY_UNKNOWN",
        "tag": "PRON",
        "tense": "TENSE_UNKNOWN",
        "voice": "VOICE_UNKNOWN"
      },
      "text": {
        "beginOffset": 43,
        "content": "you"
      }
    },
    {
      "dependencyEdge": {
        "headTokenIndex": 8,
        "label": "P"
      },
      "lemma": ".",
      "partOfSpeech": {
        "aspect": "ASPECT_UNKNOWN",
        "case": "CASE_UNKNOWN",
        "form": "FORM_UNKNOWN",
        "gender": "GENDER_UNKNOWN",
        "mood": "MOOD_UNKNOWN",
        "number": "NUMBER_UNKNOWN",
        "person": "PERSON_UNKNOWN",
        "proper": "PROPER_UNKNOWN",
        "reciprocity": "RECIPROCITY_UNKNOWN",
        "tag": "PUNCT",
        "tense": "TENSE_UNKNOWN",
        "voice": "VOICE_UNKNOWN"
      },
      "text": {
        "beginOffset": 46,
        "content": "."
      }
    }
  ]
}
